0:0:0:0:0:0:0:1 - - [20/Dec/2014:17:20:53 -0200] "GET /ipocket/ HTTP/1.1" 200 9290
0:0:0:0:0:0:0:1 - - [20/Dec/2014:17:20:53 -0200] "GET /ipocket/resources/legacy/pace/pace-theme-flash.css HTTP/1.1" 200 2196
0:0:0:0:0:0:0:1 - - [20/Dec/2014:17:20:53 -0200] "GET /ipocket/resources/styles/animate.min.css HTTP/1.1" 200 48008
0:0:0:0:0:0:0:1 - - [20/Dec/2014:17:20:53 -0200] "GET /ipocket/resources/legacy/font-awesome/css/font-awesome.css HTTP/1.1" 200 21658
0:0:0:0:0:0:0:1 - - [20/Dec/2014:17:20:53 -0200] "GET /ipocket/resources/styles/index.css HTTP/1.1" 200 29758
0:0:0:0:0:0:0:1 - - [20/Dec/2014:17:20:53 -0200] "GET /ipocket/resources/lib/select2/select2.css HTTP/1.1" 200 17679
0:0:0:0:0:0:0:1 - - [20/Dec/2014:17:20:53 -0200] "GET /ipocket/resources/styles/style.css HTTP/1.1" 200 17324
0:0:0:0:0:0:0:1 - - [20/Dec/2014:17:20:53 -0200] "GET /ipocket/resources/lib/bootstrap/dist/css/bootstrap.min.css HTTP/1.1" 200 99961
0:0:0:0:0:0:0:1 - - [20/Dec/2014:17:20:53 -0200] "GET /ipocket/resources/styles/custom-icon-set.css HTTP/1.1" 200 2721
0:0:0:0:0:0:0:1 - - [20/Dec/2014:17:20:53 -0200] "GET /ipocket/resources/styles/responsive.css HTTP/1.1" 200 15288
0:0:0:0:0:0:0:1 - - [20/Dec/2014:17:20:53 -0200] "GET /ipocket/resources/styles/famfamfam-flags.css HTTP/1.1" 200 22162
0:0:0:0:0:0:0:1 - - [20/Dec/2014:17:20:53 -0200] "GET /ipocket/resources/styles/forms.css HTTP/1.1" 200 62245
0:0:0:0:0:0:0:1 - - [20/Dec/2014:17:20:53 -0200] "GET /ipocket/resources/styles/slider.css HTTP/1.1" 200 32557
0:0:0:0:0:0:0:1 - - [20/Dec/2014:17:20:53 -0200] "GET /ipocket/resources/lib/requirejs/require.js HTTP/1.1" 200 82718
0:0:0:0:0:0:0:1 - - [20/Dec/2014:17:20:53 -0200] "GET /ipocket/resources/img/icon/top-tray.png HTTP/1.1" 200 5115
0:0:0:0:0:0:0:1 - - [20/Dec/2014:17:20:53 -0200] "GET /ipocket/resources/legacy/font-awesome/fonts/fontawesome-webfont.woff?v=4.0.3 HTTP/1.1" 200 44432
0:0:0:0:0:0:0:1 - - [20/Dec/2014:17:20:53 -0200] "GET /ipocket/resources/lib/bootstrap/dist/fonts/glyphicons-halflings-regular.woff HTTP/1.1" 200 23320
0:0:0:0:0:0:0:1 - - [20/Dec/2014:17:20:53 -0200] "GET /ipocket/resources/img/pullup.png HTTP/1.1" 200 3215
0:0:0:0:0:0:0:1 - - [20/Dec/2014:17:20:53 -0200] "GET /ipocket/system/main.js HTTP/1.1" 200 5752
0:0:0:0:0:0:0:1 - - [20/Dec/2014:17:20:53 -0200] "GET /ipocket/resources/lib/jquery/jquery.min.js HTTP/1.1" 200 83606
0:0:0:0:0:0:0:1 - - [20/Dec/2014:17:20:53 -0200] "GET /ipocket/resources/lib/angular/angular.js HTTP/1.1" 200 948508
0:0:0:0:0:0:0:1 - - [20/Dec/2014:17:20:53 -0200] "GET /ipocket/resources/legacy/pace/pace.min.js HTTP/1.1" 200 10391
0:0:0:0:0:0:0:1 - - [20/Dec/2014:17:20:53 -0200] "GET /ipocket/resources/lib/bootstrap/dist/js/bootstrap.min.js HTTP/1.1" 200 29110
0:0:0:0:0:0:0:1 - - [20/Dec/2014:17:20:53 -0200] "GET /ipocket/resources/legacy/breakpoints.js HTTP/1.1" 200 2666
0:0:0:0:0:0:0:1 - - [20/Dec/2014:17:20:53 -0200] "GET /ipocket/resources/legacy/jquery-unveil/jquery.unveil.min.js HTTP/1.1" 200 945
0:0:0:0:0:0:0:1 - - [20/Dec/2014:17:20:53 -0200] "GET /ipocket/resources/legacy/jquery-slimscroll/jquery.slimscroll.min.js HTTP/1.1" 200 3814
0:0:0:0:0:0:0:1 - - [20/Dec/2014:17:20:53 -0200] "GET /ipocket/resources/legacy/jquery-block-ui/jqueryblockui.js HTTP/1.1" 200 9529
0:0:0:0:0:0:0:1 - - [20/Dec/2014:17:20:53 -0200] "GET /ipocket/resources/legacy/jquery-ui/jquery-ui-1.10.1.custom.min.js HTTP/1.1" 200 228147
0:0:0:0:0:0:0:1 - - [20/Dec/2014:17:20:53 -0200] "GET /ipocket/resources/legacy/jquery-slider/jquery.sidr.min.js HTTP/1.1" 200 2909
0:0:0:0:0:0:0:1 - - [20/Dec/2014:17:20:53 -0200] "GET /ipocket/resources/lib/bootstrap-datepicker/js/bootstrap-datepicker.js HTTP/1.1" 200 46821
0:0:0:0:0:0:0:1 - - [20/Dec/2014:17:20:53 -0200] "GET /ipocket/resources/legacy/bootstrap-select2/select2.js HTTP/1.1" 200 134098
0:0:0:0:0:0:0:1 - - [20/Dec/2014:17:20:53 -0200] "GET /ipocket/resources/lib/angular-route/angular-route.js HTTP/1.1" 200 35944
0:0:0:0:0:0:0:1 - - [20/Dec/2014:17:20:53 -0200] "GET /ipocket/resources/lib/angular-resource/angular-resource.min.js HTTP/1.1" 200 3581
0:0:0:0:0:0:0:1 - - [20/Dec/2014:17:20:53 -0200] "GET /ipocket/resources/lib/angular-translate/angular-translate.js HTTP/1.1" 200 31860
0:0:0:0:0:0:0:1 - - [20/Dec/2014:17:20:53 -0200] "GET /ipocket/resources/lib/angular-bootstrap/ui-bootstrap-tpls.min.js HTTP/1.1" 200 65175
0:0:0:0:0:0:0:1 - - [20/Dec/2014:17:20:53 -0200] "GET /ipocket/resources/lib/angular-dragdrop/src/angular-dragdrop.min.js HTTP/1.1" 200 6704
0:0:0:0:0:0:0:1 - - [20/Dec/2014:17:20:54 -0200] "GET /ipocket/resources/lib/bootstrap-datepicker/js/locales/bootstrap-datepicker.pt-BR.js HTTP/1.1" 200 662
0:0:0:0:0:0:0:1 - - [20/Dec/2014:17:20:54 -0200] "GET /ipocket/resources/lib/angular-ui-select2/src/select2.js HTTP/1.1" 200 7185
0:0:0:0:0:0:0:1 - - [20/Dec/2014:17:20:54 -0200] "GET /ipocket/resources/lib/angular-translate-loader-static-files/angular-translate-loader-static-files.js HTTP/1.1" 200 743
0:0:0:0:0:0:0:1 - - [20/Dec/2014:17:20:54 -0200] "GET /ipocket/resources/lib/angular-translate-storage-cookie/angular-translate-storage-cookie.js HTTP/1.1" 200 384
0:0:0:0:0:0:0:1 - - [20/Dec/2014:17:20:54 -0200] "GET /ipocket/resources/lib/angular-cookies/angular-cookies.min.js HTTP/1.1" 200 825
0:0:0:0:0:0:0:1 - - [20/Dec/2014:17:20:54 -0200] "GET /ipocket/system/layout-core.js HTTP/1.1" 200 9420
0:0:0:0:0:0:0:1 - - [20/Dec/2014:17:20:54 -0200] "GET /ipocket/resources/lib/angular-dynamic-locale/src/tmhDinamicLocale.js HTTP/1.1" 200 4363
0:0:0:0:0:0:0:1 - - [20/Dec/2014:17:20:54 -0200] "GET /ipocket/system/app.js HTTP/1.1" 200 4123
0:0:0:0:0:0:0:1 - - [20/Dec/2014:17:20:54 -0200] "GET /ipocket/system/components/error-handler.js HTTP/1.1" 200 4204
0:0:0:0:0:0:0:1 - - [20/Dec/2014:17:20:54 -0200] "GET /ipocket/system/routes.js HTTP/1.1" 200 1576
0:0:0:0:0:0:0:1 - - [20/Dec/2014:17:20:54 -0200] "GET /ipocket/system/components/dependency-resolver.js HTTP/1.1" 200 1165
0:0:0:0:0:0:0:1 - - [20/Dec/2014:17:20:54 -0200] "GET /ipocket/system/components/auth-handler.js HTTP/1.1" 200 3611
0:0:0:0:0:0:0:1 - - [20/Dec/2014:17:20:54 -0200] "GET /ipocket/system/components/menu-handler.js HTTP/1.1" 200 5724
0:0:0:0:0:0:0:1 - - [20/Dec/2014:17:20:54 -0200] "GET /ipocket/system/directives/index.js HTTP/1.1" 200 181
0:0:0:0:0:0:0:1 - - [20/Dec/2014:17:20:54 -0200] "GET /ipocket/system/filters/index.js HTTP/1.1" 200 75
0:0:0:0:0:0:0:1 - - [20/Dec/2014:17:20:54 -0200] "GET /ipocket/system/directives/mg-content-header.js HTTP/1.1" 200 402
0:0:0:0:0:0:0:1 - - [20/Dec/2014:17:20:54 -0200] "GET /ipocket/system/directives/mg-form.js HTTP/1.1" 200 1740
0:0:0:0:0:0:0:1 - - [20/Dec/2014:17:20:54 -0200] "GET /ipocket/system/directives/mg-grid.js HTTP/1.1" 200 6081
0:0:0:0:0:0:0:1 - - [20/Dec/2014:17:20:54 -0200] "GET /ipocket/system/directives/mg-message-box.js HTTP/1.1" 200 314
0:0:0:0:0:0:0:1 - - [20/Dec/2014:17:20:54 -0200] "GET /ipocket/system/directives/mg-validation-alert.js HTTP/1.1" 200 1321
0:0:0:0:0:0:0:1 - - [20/Dec/2014:17:20:54 -0200] "GET /ipocket/system/directives/ng-mask.js HTTP/1.1" 200 4562
0:0:0:0:0:0:0:1 - - [20/Dec/2014:17:20:54 -0200] "GET /ipocket/system/directives/mg-active-language.js HTTP/1.1" 200 713
0:0:0:0:0:0:0:1 - - [20/Dec/2014:17:20:54 -0200] "GET /ipocket/system/filters/mg-external-url.js HTTP/1.1" 200 538
0:0:0:0:0:0:0:1 - - [20/Dec/2014:17:20:54 -0200] "GET /ipocket/system/directives/module.js HTTP/1.1" 200 83
0:0:0:0:0:0:0:1 - - [20/Dec/2014:17:20:54 -0200] "GET /ipocket/system/filters/mg-characters-truncate.js HTTP/1.1" 200 1002
0:0:0:0:0:0:0:1 - - [20/Dec/2014:17:20:54 -0200] "GET /ipocket/resources/legacy/jquery-validation/dist/jquery.validate.min.js HTTP/1.1" 200 20886
0:0:0:0:0:0:0:1 - - [20/Dec/2014:17:20:54 -0200] "GET /ipocket/system/filters/module.js HTTP/1.1" 200 80
0:0:0:0:0:0:0:1 - - [20/Dec/2014:17:20:54 -0200] "GET /ipocket/resources/legacy/jquery-validation/dist/additional-methods.min.js HTTP/1.1" 200 10731
0:0:0:0:0:0:0:1 - - [20/Dec/2014:17:20:54 -0200] "GET /ipocket/resources/images/logo2x.png HTTP/1.1" 200 9199
0:0:0:0:0:0:0:1 - - [20/Dec/2014:17:20:54 -0200] "GET /ipocket/%7B%7BcurrentUser.imageUrl%7D%7D HTTP/1.1" 404 83
0:0:0:0:0:0:0:1 - - [20/Dec/2014:17:20:54 -0200] "GET /ipocket/modules/routes.json HTTP/1.1" 304 -
0:0:0:0:0:0:0:1 - - [20/Dec/2014:17:20:54 -0200] "GET /ipocket/modules/account/views/accounts.html HTTP/1.1" 304 -
0:0:0:0:0:0:0:1 - - [20/Dec/2014:17:20:54 -0200] "GET /ipocket/modules/account/controllers/account-controller.js HTTP/1.1" 200 3400
0:0:0:0:0:0:0:1 - - [20/Dec/2014:17:20:54 -0200] "GET /ipocket/public/user/current HTTP/1.1" 200 117
0:0:0:0:0:0:0:1 - - [20/Dec/2014:17:20:54 -0200] "GET /ipocket/resources/lib/ng-currency/dist/ng-currency.min.js HTTP/1.1" 304 -
0:0:0:0:0:0:0:1 - - [20/Dec/2014:17:20:54 -0200] "GET /ipocket/modules/account/controllers/module.js HTTP/1.1" 304 -
0:0:0:0:0:0:0:1 - - [20/Dec/2014:17:20:54 -0200] "GET /ipocket/modules/account/controllers/account-resources.js HTTP/1.1" 304 -
0:0:0:0:0:0:0:1 - - [20/Dec/2014:17:20:54 -0200] "GET /ipocket/resources/fonts/custom-set.woff HTTP/1.1" 200 6056
0:0:0:0:0:0:0:1 - - [20/Dec/2014:17:20:54 -0200] "GET /ipocket/api/account HTTP/1.1" 200 1205
0:0:0:0:0:0:0:1 - - [20/Dec/2014:17:21:00 -0200] "GET /ipocket/modules/account/views/modal-new-account.html HTTP/1.1" 304 -
0:0:0:0:0:0:0:1 - - [20/Dec/2014:17:21:06 -0200] "POST /ipocket/api/account HTTP/1.1" 200 144
0:0:0:0:0:0:0:1 - - [20/Dec/2014:17:21:27 -0200] "POST /ipocket/api/account HTTP/1.1" 200 149
0:0:0:0:0:0:0:1 - - [20/Dec/2014:17:21:53 -0200] "POST /ipocket/api/account HTTP/1.1" 200 153
0:0:0:0:0:0:0:1 - - [20/Dec/2014:17:34:52 -0200] "GET /ipocket/ HTTP/1.1" 200 9290
0:0:0:0:0:0:0:1 - - [20/Dec/2014:17:34:52 -0200] "GET /ipocket/resources/lib/bootstrap/dist/css/bootstrap.min.css HTTP/1.1" 200 99961
0:0:0:0:0:0:0:1 - - [20/Dec/2014:17:34:52 -0200] "GET /ipocket/resources/styles/index.css HTTP/1.1" 200 29758
0:0:0:0:0:0:0:1 - - [20/Dec/2014:17:34:52 -0200] "GET /ipocket/resources/legacy/pace/pace-theme-flash.css HTTP/1.1" 200 2196
0:0:0:0:0:0:0:1 - - [20/Dec/2014:17:34:52 -0200] "GET /ipocket/resources/legacy/font-awesome/css/font-awesome.css HTTP/1.1" 200 21658
0:0:0:0:0:0:0:1 - - [20/Dec/2014:17:34:52 -0200] "GET /ipocket/resources/lib/select2/select2.css HTTP/1.1" 200 17679
0:0:0:0:0:0:0:1 - - [20/Dec/2014:17:34:52 -0200] "GET /ipocket/resources/styles/style.css HTTP/1.1" 200 17324
0:0:0:0:0:0:0:1 - - [20/Dec/2014:17:34:52 -0200] "GET /ipocket/resources/styles/animate.min.css HTTP/1.1" 200 48008
0:0:0:0:0:0:0:1 - - [20/Dec/2014:17:34:52 -0200] "GET /ipocket/resources/styles/forms.css HTTP/1.1" 200 62245
0:0:0:0:0:0:0:1 - - [20/Dec/2014:17:34:52 -0200] "GET /ipocket/resources/styles/slider.css HTTP/1.1" 200 32557
0:0:0:0:0:0:0:1 - - [20/Dec/2014:17:34:52 -0200] "GET /ipocket/resources/styles/custom-icon-set.css HTTP/1.1" 200 2721
0:0:0:0:0:0:0:1 - - [20/Dec/2014:17:34:52 -0200] "GET /ipocket/resources/styles/responsive.css HTTP/1.1" 200 15288
0:0:0:0:0:0:0:1 - - [20/Dec/2014:17:34:52 -0200] "GET /ipocket/resources/styles/famfamfam-flags.css HTTP/1.1" 200 22162
0:0:0:0:0:0:0:1 - - [20/Dec/2014:17:34:52 -0200] "GET /ipocket/resources/lib/requirejs/require.js HTTP/1.1" 200 82718
0:0:0:0:0:0:0:1 - - [20/Dec/2014:17:34:53 -0200] "GET /ipocket/resources/img/icon/top-tray.png HTTP/1.1" 200 5115
0:0:0:0:0:0:0:1 - - [20/Dec/2014:17:34:53 -0200] "GET /ipocket/resources/legacy/font-awesome/fonts/fontawesome-webfont.woff?v=4.0.3 HTTP/1.1" 200 44432
0:0:0:0:0:0:0:1 - - [20/Dec/2014:17:34:53 -0200] "GET /ipocket/resources/lib/bootstrap/dist/fonts/glyphicons-halflings-regular.woff HTTP/1.1" 200 23320
0:0:0:0:0:0:0:1 - - [20/Dec/2014:17:34:53 -0200] "GET /ipocket/resources/img/pullup.png HTTP/1.1" 200 3215
0:0:0:0:0:0:0:1 - - [20/Dec/2014:17:34:53 -0200] "GET /ipocket/system/main.js HTTP/1.1" 200 5752
0:0:0:0:0:0:0:1 - - [20/Dec/2014:17:34:53 -0200] "GET /ipocket/resources/lib/jquery/jquery.min.js HTTP/1.1" 200 83606
0:0:0:0:0:0:0:1 - - [20/Dec/2014:17:34:53 -0200] "GET /ipocket/resources/lib/angular/angular.js HTTP/1.1" 200 948508
0:0:0:0:0:0:0:1 - - [20/Dec/2014:17:34:53 -0200] "GET /ipocket/resources/lib/bootstrap/dist/js/bootstrap.min.js HTTP/1.1" 200 29110
0:0:0:0:0:0:0:1 - - [20/Dec/2014:17:34:53 -0200] "GET /ipocket/resources/legacy/jquery-unveil/jquery.unveil.min.js HTTP/1.1" 200 945
0:0:0:0:0:0:0:1 - - [20/Dec/2014:17:34:53 -0200] "GET /ipocket/resources/legacy/pace/pace.min.js HTTP/1.1" 200 10391
0:0:0:0:0:0:0:1 - - [20/Dec/2014:17:34:53 -0200] "GET /ipocket/resources/legacy/jquery-slimscroll/jquery.slimscroll.min.js HTTP/1.1" 200 3814
0:0:0:0:0:0:0:1 - - [20/Dec/2014:17:34:53 -0200] "GET /ipocket/resources/legacy/jquery-ui/jquery-ui-1.10.1.custom.min.js HTTP/1.1" 200 228147
0:0:0:0:0:0:0:1 - - [20/Dec/2014:17:34:53 -0200] "GET /ipocket/resources/legacy/breakpoints.js HTTP/1.1" 200 2666
0:0:0:0:0:0:0:1 - - [20/Dec/2014:17:34:53 -0200] "GET /ipocket/resources/lib/bootstrap-datepicker/js/bootstrap-datepicker.js HTTP/1.1" 200 46821
0:0:0:0:0:0:0:1 - - [20/Dec/2014:17:34:53 -0200] "GET /ipocket/resources/legacy/jquery-slider/jquery.sidr.min.js HTTP/1.1" 200 2909
0:0:0:0:0:0:0:1 - - [20/Dec/2014:17:34:53 -0200] "GET /ipocket/resources/legacy/jquery-block-ui/jqueryblockui.js HTTP/1.1" 200 9529
0:0:0:0:0:0:0:1 - - [20/Dec/2014:17:34:53 -0200] "GET /ipocket/resources/legacy/bootstrap-select2/select2.js HTTP/1.1" 200 134098
0:0:0:0:0:0:0:1 - - [20/Dec/2014:17:34:53 -0200] "GET /ipocket/resources/lib/angular-resource/angular-resource.min.js HTTP/1.1" 200 3581
0:0:0:0:0:0:0:1 - - [20/Dec/2014:17:34:53 -0200] "GET /ipocket/resources/lib/angular-dragdrop/src/angular-dragdrop.min.js HTTP/1.1" 200 6704
0:0:0:0:0:0:0:1 - - [20/Dec/2014:17:34:53 -0200] "GET /ipocket/resources/lib/angular-translate/angular-translate.js HTTP/1.1" 200 31860
0:0:0:0:0:0:0:1 - - [20/Dec/2014:17:34:53 -0200] "GET /ipocket/resources/lib/angular-bootstrap/ui-bootstrap-tpls.min.js HTTP/1.1" 200 65175
0:0:0:0:0:0:0:1 - - [20/Dec/2014:17:34:53 -0200] "GET /ipocket/resources/lib/angular-route/angular-route.js HTTP/1.1" 200 35944
0:0:0:0:0:0:0:1 - - [20/Dec/2014:17:34:53 -0200] "GET /ipocket/resources/lib/bootstrap-datepicker/js/locales/bootstrap-datepicker.pt-BR.js HTTP/1.1" 200 662
0:0:0:0:0:0:0:1 - - [20/Dec/2014:17:34:53 -0200] "GET /ipocket/resources/lib/angular-ui-select2/src/select2.js HTTP/1.1" 200 7185
0:0:0:0:0:0:0:1 - - [20/Dec/2014:17:34:53 -0200] "GET /ipocket/resources/lib/angular-translate-loader-static-files/angular-translate-loader-static-files.js HTTP/1.1" 200 743
0:0:0:0:0:0:0:1 - - [20/Dec/2014:17:34:53 -0200] "GET /ipocket/resources/lib/angular-translate-storage-cookie/angular-translate-storage-cookie.js HTTP/1.1" 200 384
0:0:0:0:0:0:0:1 - - [20/Dec/2014:17:34:53 -0200] "GET /ipocket/resources/lib/angular-cookies/angular-cookies.min.js HTTP/1.1" 200 825
0:0:0:0:0:0:0:1 - - [20/Dec/2014:17:34:53 -0200] "GET /ipocket/system/layout-core.js HTTP/1.1" 200 9420
0:0:0:0:0:0:0:1 - - [20/Dec/2014:17:34:53 -0200] "GET /ipocket/resources/lib/angular-dynamic-locale/src/tmhDinamicLocale.js HTTP/1.1" 200 4363
0:0:0:0:0:0:0:1 - - [20/Dec/2014:17:34:53 -0200] "GET /ipocket/system/app.js HTTP/1.1" 200 4123
0:0:0:0:0:0:0:1 - - [20/Dec/2014:17:34:53 -0200] "GET /ipocket/system/routes.js HTTP/1.1" 200 1576
0:0:0:0:0:0:0:1 - - [20/Dec/2014:17:34:53 -0200] "GET /ipocket/system/components/auth-handler.js HTTP/1.1" 200 3611
0:0:0:0:0:0:0:1 - - [20/Dec/2014:17:34:53 -0200] "GET /ipocket/system/directives/index.js HTTP/1.1" 200 181
0:0:0:0:0:0:0:1 - - [20/Dec/2014:17:34:53 -0200] "GET /ipocket/system/components/menu-handler.js HTTP/1.1" 200 5724
0:0:0:0:0:0:0:1 - - [20/Dec/2014:17:34:53 -0200] "GET /ipocket/system/components/error-handler.js HTTP/1.1" 200 4204
0:0:0:0:0:0:0:1 - - [20/Dec/2014:17:34:53 -0200] "GET /ipocket/system/filters/index.js HTTP/1.1" 200 75
0:0:0:0:0:0:0:1 - - [20/Dec/2014:17:34:53 -0200] "GET /ipocket/system/components/dependency-resolver.js HTTP/1.1" 200 1165
0:0:0:0:0:0:0:1 - - [20/Dec/2014:17:34:53 -0200] "GET /ipocket/system/directives/mg-form.js HTTP/1.1" 200 1740
0:0:0:0:0:0:0:1 - - [20/Dec/2014:17:34:53 -0200] "GET /ipocket/system/directives/mg-grid.js HTTP/1.1" 200 6081
0:0:0:0:0:0:0:1 - - [20/Dec/2014:17:34:53 -0200] "GET /ipocket/system/directives/mg-message-box.js HTTP/1.1" 200 314
0:0:0:0:0:0:0:1 - - [20/Dec/2014:17:34:53 -0200] "GET /ipocket/system/directives/mg-content-header.js HTTP/1.1" 200 402
0:0:0:0:0:0:0:1 - - [20/Dec/2014:17:34:53 -0200] "GET /ipocket/system/directives/mg-validation-alert.js HTTP/1.1" 200 1321
0:0:0:0:0:0:0:1 - - [20/Dec/2014:17:34:53 -0200] "GET /ipocket/system/directives/mg-active-language.js HTTP/1.1" 200 713
0:0:0:0:0:0:0:1 - - [20/Dec/2014:17:34:53 -0200] "GET /ipocket/system/filters/mg-characters-truncate.js HTTP/1.1" 200 1002
0:0:0:0:0:0:0:1 - - [20/Dec/2014:17:34:53 -0200] "GET /ipocket/system/directives/ng-mask.js HTTP/1.1" 200 4562
0:0:0:0:0:0:0:1 - - [20/Dec/2014:17:34:53 -0200] "GET /ipocket/system/filters/mg-external-url.js HTTP/1.1" 200 538
0:0:0:0:0:0:0:1 - - [20/Dec/2014:17:34:53 -0200] "GET /ipocket/system/directives/module.js HTTP/1.1" 200 83
0:0:0:0:0:0:0:1 - - [20/Dec/2014:17:34:53 -0200] "GET /ipocket/resources/legacy/jquery-validation/dist/jquery.validate.min.js HTTP/1.1" 200 20886
0:0:0:0:0:0:0:1 - - [20/Dec/2014:17:34:53 -0200] "GET /ipocket/system/filters/module.js HTTP/1.1" 200 80
0:0:0:0:0:0:0:1 - - [20/Dec/2014:17:34:53 -0200] "GET /ipocket/resources/legacy/jquery-validation/dist/additional-methods.min.js HTTP/1.1" 200 10731
0:0:0:0:0:0:0:1 - - [20/Dec/2014:17:34:53 -0200] "GET /ipocket/resources/images/logo2x.png HTTP/1.1" 200 9199
0:0:0:0:0:0:0:1 - - [20/Dec/2014:17:34:53 -0200] "GET /ipocket/%7B%7BcurrentUser.imageUrl%7D%7D HTTP/1.1" 404 83
0:0:0:0:0:0:0:1 - - [20/Dec/2014:17:34:54 -0200] "GET /ipocket/public/user/current HTTP/1.1" 200 117
0:0:0:0:0:0:0:1 - - [20/Dec/2014:17:34:54 -0200] "GET /ipocket/modules/account/controllers/account-controller.js HTTP/1.1" 200 3691
0:0:0:0:0:0:0:1 - - [20/Dec/2014:17:34:54 -0200] "GET /ipocket/resources/fonts/custom-set.woff HTTP/1.1" 200 6056
0:0:0:0:0:0:0:1 - - [20/Dec/2014:17:34:54 -0200] "GET /ipocket/api/account HTTP/1.1" 200 1540
0:0:0:0:0:0:0:1 - - [20/Dec/2014:17:36:16 -0200] "GET /ipocket/ HTTP/1.1" 200 9290
0:0:0:0:0:0:0:1 - - [20/Dec/2014:17:36:16 -0200] "GET /ipocket/resources/legacy/font-awesome/css/font-awesome.css HTTP/1.1" 200 21658
0:0:0:0:0:0:0:1 - - [20/Dec/2014:17:36:16 -0200] "GET /ipocket/resources/styles/animate.min.css HTTP/1.1" 200 48008
0:0:0:0:0:0:0:1 - - [20/Dec/2014:17:36:16 -0200] "GET /ipocket/resources/lib/bootstrap/dist/css/bootstrap.min.css HTTP/1.1" 200 99961
0:0:0:0:0:0:0:1 - - [20/Dec/2014:17:36:16 -0200] "GET /ipocket/resources/styles/index.css HTTP/1.1" 200 29758
0:0:0:0:0:0:0:1 - - [20/Dec/2014:17:36:16 -0200] "GET /ipocket/resources/legacy/pace/pace-theme-flash.css HTTP/1.1" 200 2196
0:0:0:0:0:0:0:1 - - [20/Dec/2014:17:36:16 -0200] "GET /ipocket/resources/lib/select2/select2.css HTTP/1.1" 200 17679
0:0:0:0:0:0:0:1 - - [20/Dec/2014:17:36:16 -0200] "GET /ipocket/resources/styles/style.css HTTP/1.1" 200 17324
0:0:0:0:0:0:0:1 - - [20/Dec/2014:17:36:16 -0200] "GET /ipocket/resources/styles/forms.css HTTP/1.1" 200 62245
0:0:0:0:0:0:0:1 - - [20/Dec/2014:17:36:16 -0200] "GET /ipocket/resources/styles/responsive.css HTTP/1.1" 200 15288
0:0:0:0:0:0:0:1 - - [20/Dec/2014:17:36:16 -0200] "GET /ipocket/resources/styles/slider.css HTTP/1.1" 200 32557
0:0:0:0:0:0:0:1 - - [20/Dec/2014:17:36:16 -0200] "GET /ipocket/resources/styles/custom-icon-set.css HTTP/1.1" 200 2721
0:0:0:0:0:0:0:1 - - [20/Dec/2014:17:36:16 -0200] "GET /ipocket/resources/lib/requirejs/require.js HTTP/1.1" 200 82718
0:0:0:0:0:0:0:1 - - [20/Dec/2014:17:36:16 -0200] "GET /ipocket/resources/styles/famfamfam-flags.css HTTP/1.1" 200 22162
0:0:0:0:0:0:0:1 - - [20/Dec/2014:17:36:17 -0200] "GET /ipocket/resources/img/icon/top-tray.png HTTP/1.1" 200 5115
0:0:0:0:0:0:0:1 - - [20/Dec/2014:17:36:17 -0200] "GET /ipocket/resources/lib/bootstrap/dist/fonts/glyphicons-halflings-regular.woff HTTP/1.1" 200 23320
0:0:0:0:0:0:0:1 - - [20/Dec/2014:17:36:17 -0200] "GET /ipocket/resources/legacy/font-awesome/fonts/fontawesome-webfont.woff?v=4.0.3 HTTP/1.1" 200 44432
0:0:0:0:0:0:0:1 - - [20/Dec/2014:17:36:17 -0200] "GET /ipocket/resources/img/pullup.png HTTP/1.1" 200 3215
0:0:0:0:0:0:0:1 - - [20/Dec/2014:17:36:17 -0200] "GET /ipocket/system/main.js HTTP/1.1" 200 5752
0:0:0:0:0:0:0:1 - - [20/Dec/2014:17:36:17 -0200] "GET /ipocket/resources/lib/jquery/jquery.min.js HTTP/1.1" 200 83606
0:0:0:0:0:0:0:1 - - [20/Dec/2014:17:36:17 -0200] "GET /ipocket/resources/lib/angular/angular.js HTTP/1.1" 200 948508
0:0:0:0:0:0:0:1 - - [20/Dec/2014:17:36:17 -0200] "GET /ipocket/resources/legacy/breakpoints.js HTTP/1.1" 200 2666
0:0:0:0:0:0:0:1 - - [20/Dec/2014:17:36:17 -0200] "GET /ipocket/resources/legacy/jquery-unveil/jquery.unveil.min.js HTTP/1.1" 200 945
0:0:0:0:0:0:0:1 - - [20/Dec/2014:17:36:17 -0200] "GET /ipocket/resources/legacy/jquery-ui/jquery-ui-1.10.1.custom.min.js HTTP/1.1" 200 228147
0:0:0:0:0:0:0:1 - - [20/Dec/2014:17:36:17 -0200] "GET /ipocket/resources/legacy/jquery-slimscroll/jquery.slimscroll.min.js HTTP/1.1" 200 3814
0:0:0:0:0:0:0:1 - - [20/Dec/2014:17:36:17 -0200] "GET /ipocket/resources/legacy/pace/pace.min.js HTTP/1.1" 200 10391
0:0:0:0:0:0:0:1 - - [20/Dec/2014:17:36:17 -0200] "GET /ipocket/resources/lib/bootstrap/dist/js/bootstrap.min.js HTTP/1.1" 200 29110
0:0:0:0:0:0:0:1 - - [20/Dec/2014:17:36:17 -0200] "GET /ipocket/resources/legacy/jquery-block-ui/jqueryblockui.js HTTP/1.1" 200 9529
0:0:0:0:0:0:0:1 - - [20/Dec/2014:17:36:17 -0200] "GET /ipocket/resources/legacy/jquery-slider/jquery.sidr.min.js HTTP/1.1" 200 2909
0:0:0:0:0:0:0:1 - - [20/Dec/2014:17:36:17 -0200] "GET /ipocket/resources/lib/bootstrap-datepicker/js/bootstrap-datepicker.js HTTP/1.1" 200 46821
0:0:0:0:0:0:0:1 - - [20/Dec/2014:17:36:17 -0200] "GET /ipocket/resources/legacy/bootstrap-select2/select2.js HTTP/1.1" 200 134098
0:0:0:0:0:0:0:1 - - [20/Dec/2014:17:36:17 -0200] "GET /ipocket/resources/lib/angular-route/angular-route.js HTTP/1.1" 200 35944
0:0:0:0:0:0:0:1 - - [20/Dec/2014:17:36:17 -0200] "GET /ipocket/resources/lib/angular-dragdrop/src/angular-dragdrop.min.js HTTP/1.1" 200 6704
0:0:0:0:0:0:0:1 - - [20/Dec/2014:17:36:17 -0200] "GET /ipocket/resources/lib/angular-bootstrap/ui-bootstrap-tpls.min.js HTTP/1.1" 200 65175
0:0:0:0:0:0:0:1 - - [20/Dec/2014:17:36:17 -0200] "GET /ipocket/resources/lib/angular-resource/angular-resource.min.js HTTP/1.1" 200 3581
0:0:0:0:0:0:0:1 - - [20/Dec/2014:17:36:17 -0200] "GET /ipocket/resources/lib/angular-translate/angular-translate.js HTTP/1.1" 200 31860
0:0:0:0:0:0:0:1 - - [20/Dec/2014:17:36:17 -0200] "GET /ipocket/resources/lib/bootstrap-datepicker/js/locales/bootstrap-datepicker.pt-BR.js HTTP/1.1" 200 662
0:0:0:0:0:0:0:1 - - [20/Dec/2014:17:36:17 -0200] "GET /ipocket/resources/lib/angular-ui-select2/src/select2.js HTTP/1.1" 200 7185
0:0:0:0:0:0:0:1 - - [20/Dec/2014:17:36:17 -0200] "GET /ipocket/resources/lib/angular-cookies/angular-cookies.min.js HTTP/1.1" 200 825
0:0:0:0:0:0:0:1 - - [20/Dec/2014:17:36:17 -0200] "GET /ipocket/resources/lib/angular-translate-loader-static-files/angular-translate-loader-static-files.js HTTP/1.1" 200 743
0:0:0:0:0:0:0:1 - - [20/Dec/2014:17:36:17 -0200] "GET /ipocket/resources/lib/angular-translate-storage-cookie/angular-translate-storage-cookie.js HTTP/1.1" 200 384
0:0:0:0:0:0:0:1 - - [20/Dec/2014:17:36:17 -0200] "GET /ipocket/system/layout-core.js HTTP/1.1" 200 9420
0:0:0:0:0:0:0:1 - - [20/Dec/2014:17:36:17 -0200] "GET /ipocket/resources/lib/angular-dynamic-locale/src/tmhDinamicLocale.js HTTP/1.1" 200 4363
0:0:0:0:0:0:0:1 - - [20/Dec/2014:17:36:17 -0200] "GET /ipocket/system/app.js HTTP/1.1" 200 4123
0:0:0:0:0:0:0:1 - - [20/Dec/2014:17:36:17 -0200] "GET /ipocket/system/components/error-handler.js HTTP/1.1" 200 4204
0:0:0:0:0:0:0:1 - - [20/Dec/2014:17:36:17 -0200] "GET /ipocket/system/components/menu-handler.js HTTP/1.1" 200 5724
0:0:0:0:0:0:0:1 - - [20/Dec/2014:17:36:17 -0200] "GET /ipocket/system/directives/index.js HTTP/1.1" 200 181
0:0:0:0:0:0:0:1 - - [20/Dec/2014:17:36:17 -0200] "GET /ipocket/system/components/dependency-resolver.js HTTP/1.1" 200 1165
0:0:0:0:0:0:0:1 - - [20/Dec/2014:17:36:17 -0200] "GET /ipocket/system/routes.js HTTP/1.1" 200 1576
0:0:0:0:0:0:0:1 - - [20/Dec/2014:17:36:17 -0200] "GET /ipocket/system/components/auth-handler.js HTTP/1.1" 200 3611
0:0:0:0:0:0:0:1 - - [20/Dec/2014:17:36:17 -0200] "GET /ipocket/system/filters/index.js HTTP/1.1" 200 75
0:0:0:0:0:0:0:1 - - [20/Dec/2014:17:36:17 -0200] "GET /ipocket/system/directives/mg-content-header.js HTTP/1.1" 200 402
0:0:0:0:0:0:0:1 - - [20/Dec/2014:17:36:17 -0200] "GET /ipocket/system/directives/mg-grid.js HTTP/1.1" 200 6081
0:0:0:0:0:0:0:1 - - [20/Dec/2014:17:36:17 -0200] "GET /ipocket/system/directives/mg-form.js HTTP/1.1" 200 1740
0:0:0:0:0:0:0:1 - - [20/Dec/2014:17:36:17 -0200] "GET /ipocket/system/directives/mg-message-box.js HTTP/1.1" 200 314
0:0:0:0:0:0:0:1 - - [20/Dec/2014:17:36:17 -0200] "GET /ipocket/system/directives/mg-validation-alert.js HTTP/1.1" 200 1321
0:0:0:0:0:0:0:1 - - [20/Dec/2014:17:36:17 -0200] "GET /ipocket/system/directives/mg-active-language.js HTTP/1.1" 200 713
0:0:0:0:0:0:0:1 - - [20/Dec/2014:17:36:17 -0200] "GET /ipocket/system/filters/mg-external-url.js HTTP/1.1" 200 538
0:0:0:0:0:0:0:1 - - [20/Dec/2014:17:36:17 -0200] "GET /ipocket/system/directives/module.js HTTP/1.1" 200 83
0:0:0:0:0:0:0:1 - - [20/Dec/2014:17:36:17 -0200] "GET /ipocket/system/filters/mg-characters-truncate.js HTTP/1.1" 200 1002
0:0:0:0:0:0:0:1 - - [20/Dec/2014:17:36:17 -0200] "GET /ipocket/resources/legacy/jquery-validation/dist/jquery.validate.min.js HTTP/1.1" 200 20886
0:0:0:0:0:0:0:1 - - [20/Dec/2014:17:36:17 -0200] "GET /ipocket/system/directives/ng-mask.js HTTP/1.1" 200 4562
0:0:0:0:0:0:0:1 - - [20/Dec/2014:17:36:17 -0200] "GET /ipocket/system/filters/module.js HTTP/1.1" 200 80
0:0:0:0:0:0:0:1 - - [20/Dec/2014:17:36:17 -0200] "GET /ipocket/resources/legacy/jquery-validation/dist/additional-methods.min.js HTTP/1.1" 200 10731
0:0:0:0:0:0:0:1 - - [20/Dec/2014:17:36:17 -0200] "GET /ipocket/resources/images/logo2x.png HTTP/1.1" 200 9199
0:0:0:0:0:0:0:1 - - [20/Dec/2014:17:36:17 -0200] "GET /ipocket/%7B%7BcurrentUser.imageUrl%7D%7D HTTP/1.1" 404 83
0:0:0:0:0:0:0:1 - - [20/Dec/2014:17:36:17 -0200] "GET /ipocket/public/user/current HTTP/1.1" 200 117
0:0:0:0:0:0:0:1 - - [20/Dec/2014:17:36:17 -0200] "GET /ipocket/resources/fonts/custom-set.woff HTTP/1.1" 200 6056
0:0:0:0:0:0:0:1 - - [20/Dec/2014:17:36:17 -0200] "GET /ipocket/modules/account/controllers/account-controller.js HTTP/1.1" 304 -
0:0:0:0:0:0:0:1 - - [20/Dec/2014:17:36:18 -0200] "GET /ipocket/api/account HTTP/1.1" 200 1540
0:0:0:0:0:0:0:1 - - [20/Dec/2014:17:40:06 -0200] "GET /ipocket/ HTTP/1.1" 200 9290
0:0:0:0:0:0:0:1 - - [20/Dec/2014:17:40:06 -0200] "GET /ipocket/resources/lib/bootstrap/dist/css/bootstrap.min.css HTTP/1.1" 200 99961
0:0:0:0:0:0:0:1 - - [20/Dec/2014:17:40:06 -0200] "GET /ipocket/resources/legacy/pace/pace-theme-flash.css HTTP/1.1" 200 2196
0:0:0:0:0:0:0:1 - - [20/Dec/2014:17:40:06 -0200] "GET /ipocket/resources/styles/animate.min.css HTTP/1.1" 200 48008
0:0:0:0:0:0:0:1 - - [20/Dec/2014:17:40:06 -0200] "GET /ipocket/resources/legacy/font-awesome/css/font-awesome.css HTTP/1.1" 200 21658
0:0:0:0:0:0:0:1 - - [20/Dec/2014:17:40:06 -0200] "GET /ipocket/resources/lib/select2/select2.css HTTP/1.1" 200 17679
0:0:0:0:0:0:0:1 - - [20/Dec/2014:17:40:06 -0200] "GET /ipocket/resources/styles/style.css HTTP/1.1" 200 17324
0:0:0:0:0:0:0:1 - - [20/Dec/2014:17:40:06 -0200] "GET /ipocket/resources/styles/index.css HTTP/1.1" 200 29758
0:0:0:0:0:0:0:1 - - [20/Dec/2014:17:40:06 -0200] "GET /ipocket/resources/styles/famfamfam-flags.css HTTP/1.1" 200 22162
0:0:0:0:0:0:0:1 - - [20/Dec/2014:17:40:06 -0200] "GET /ipocket/resources/styles/forms.css HTTP/1.1" 200 62245
0:0:0:0:0:0:0:1 - - [20/Dec/2014:17:40:06 -0200] "GET /ipocket/resources/styles/slider.css HTTP/1.1" 200 32557
0:0:0:0:0:0:0:1 - - [20/Dec/2014:17:40:06 -0200] "GET /ipocket/resources/styles/responsive.css HTTP/1.1" 200 15288
0:0:0:0:0:0:0:1 - - [20/Dec/2014:17:40:06 -0200] "GET /ipocket/resources/styles/custom-icon-set.css HTTP/1.1" 200 2721
0:0:0:0:0:0:0:1 - - [20/Dec/2014:17:40:06 -0200] "GET /ipocket/resources/lib/requirejs/require.js HTTP/1.1" 200 82718
0:0:0:0:0:0:0:1 - - [20/Dec/2014:17:40:07 -0200] "GET /ipocket/resources/img/icon/top-tray.png HTTP/1.1" 200 5115
0:0:0:0:0:0:0:1 - - [20/Dec/2014:17:40:07 -0200] "GET /ipocket/resources/legacy/font-awesome/fonts/fontawesome-webfont.woff?v=4.0.3 HTTP/1.1" 200 44432
0:0:0:0:0:0:0:1 - - [20/Dec/2014:17:40:07 -0200] "GET /ipocket/resources/lib/bootstrap/dist/fonts/glyphicons-halflings-regular.woff HTTP/1.1" 200 23320
0:0:0:0:0:0:0:1 - - [20/Dec/2014:17:40:07 -0200] "GET /ipocket/resources/img/pullup.png HTTP/1.1" 200 3215
0:0:0:0:0:0:0:1 - - [20/Dec/2014:17:40:07 -0200] "GET /ipocket/system/main.js HTTP/1.1" 200 5752
0:0:0:0:0:0:0:1 - - [20/Dec/2014:17:40:07 -0200] "GET /ipocket/resources/lib/jquery/jquery.min.js HTTP/1.1" 200 83606
0:0:0:0:0:0:0:1 - - [20/Dec/2014:17:40:07 -0200] "GET /ipocket/resources/lib/angular/angular.js HTTP/1.1" 200 948508
0:0:0:0:0:0:0:1 - - [20/Dec/2014:17:40:07 -0200] "GET /ipocket/resources/legacy/breakpoints.js HTTP/1.1" 200 2666
0:0:0:0:0:0:0:1 - - [20/Dec/2014:17:40:07 -0200] "GET /ipocket/resources/lib/bootstrap/dist/js/bootstrap.min.js HTTP/1.1" 200 29110
0:0:0:0:0:0:0:1 - - [20/Dec/2014:17:40:07 -0200] "GET /ipocket/resources/legacy/jquery-unveil/jquery.unveil.min.js HTTP/1.1" 200 945
0:0:0:0:0:0:0:1 - - [20/Dec/2014:17:40:07 -0200] "GET /ipocket/resources/legacy/pace/pace.min.js HTTP/1.1" 200 10391
0:0:0:0:0:0:0:1 - - [20/Dec/2014:17:40:07 -0200] "GET /ipocket/resources/legacy/jquery-ui/jquery-ui-1.10.1.custom.min.js HTTP/1.1" 200 228147
0:0:0:0:0:0:0:1 - - [20/Dec/2014:17:40:07 -0200] "GET /ipocket/resources/legacy/jquery-slimscroll/jquery.slimscroll.min.js HTTP/1.1" 200 3814
0:0:0:0:0:0:0:1 - - [20/Dec/2014:17:40:07 -0200] "GET /ipocket/resources/legacy/jquery-block-ui/jqueryblockui.js HTTP/1.1" 200 9529
0:0:0:0:0:0:0:1 - - [20/Dec/2014:17:40:07 -0200] "GET /ipocket/resources/legacy/jquery-slider/jquery.sidr.min.js HTTP/1.1" 200 2909
0:0:0:0:0:0:0:1 - - [20/Dec/2014:17:40:07 -0200] "GET /ipocket/resources/lib/bootstrap-datepicker/js/bootstrap-datepicker.js HTTP/1.1" 200 46821
0:0:0:0:0:0:0:1 - - [20/Dec/2014:17:40:07 -0200] "GET /ipocket/resources/legacy/bootstrap-select2/select2.js HTTP/1.1" 200 134098
0:0:0:0:0:0:0:1 - - [20/Dec/2014:17:40:07 -0200] "GET /ipocket/resources/lib/angular-bootstrap/ui-bootstrap-tpls.min.js HTTP/1.1" 200 65175
0:0:0:0:0:0:0:1 - - [20/Dec/2014:17:40:07 -0200] "GET /ipocket/resources/lib/angular-dragdrop/src/angular-dragdrop.min.js HTTP/1.1" 200 6704
0:0:0:0:0:0:0:1 - - [20/Dec/2014:17:40:07 -0200] "GET /ipocket/resources/lib/angular-resource/angular-resource.min.js HTTP/1.1" 200 3581
0:0:0:0:0:0:0:1 - - [20/Dec/2014:17:40:07 -0200] "GET /ipocket/resources/lib/angular-translate/angular-translate.js HTTP/1.1" 200 31860
0:0:0:0:0:0:0:1 - - [20/Dec/2014:17:40:07 -0200] "GET /ipocket/resources/lib/angular-route/angular-route.js HTTP/1.1" 200 35944
0:0:0:0:0:0:0:1 - - [20/Dec/2014:17:40:07 -0200] "GET /ipocket/resources/lib/bootstrap-datepicker/js/locales/bootstrap-datepicker.pt-BR.js HTTP/1.1" 200 662
0:0:0:0:0:0:0:1 - - [20/Dec/2014:17:40:07 -0200] "GET /ipocket/resources/lib/angular-ui-select2/src/select2.js HTTP/1.1" 200 7185
0:0:0:0:0:0:0:1 - - [20/Dec/2014:17:40:07 -0200] "GET /ipocket/resources/lib/angular-translate-storage-cookie/angular-translate-storage-cookie.js HTTP/1.1" 200 384
0:0:0:0:0:0:0:1 - - [20/Dec/2014:17:40:07 -0200] "GET /ipocket/resources/lib/angular-cookies/angular-cookies.min.js HTTP/1.1" 200 825
0:0:0:0:0:0:0:1 - - [20/Dec/2014:17:40:07 -0200] "GET /ipocket/resources/lib/angular-translate-loader-static-files/angular-translate-loader-static-files.js HTTP/1.1" 200 743
0:0:0:0:0:0:0:1 - - [20/Dec/2014:17:40:07 -0200] "GET /ipocket/system/layout-core.js HTTP/1.1" 200 9420
0:0:0:0:0:0:0:1 - - [20/Dec/2014:17:40:07 -0200] "GET /ipocket/resources/lib/angular-dynamic-locale/src/tmhDinamicLocale.js HTTP/1.1" 200 4363
0:0:0:0:0:0:0:1 - - [20/Dec/2014:17:40:07 -0200] "GET /ipocket/system/app.js HTTP/1.1" 200 4123
0:0:0:0:0:0:0:1 - - [20/Dec/2014:17:40:07 -0200] "GET /ipocket/system/routes.js HTTP/1.1" 200 1576
0:0:0:0:0:0:0:1 - - [20/Dec/2014:17:40:07 -0200] "GET /ipocket/system/components/dependency-resolver.js HTTP/1.1" 200 1165
0:0:0:0:0:0:0:1 - - [20/Dec/2014:17:40:07 -0200] "GET /ipocket/system/directives/index.js HTTP/1.1" 200 181
0:0:0:0:0:0:0:1 - - [20/Dec/2014:17:40:07 -0200] "GET /ipocket/system/components/menu-handler.js HTTP/1.1" 200 5724
0:0:0:0:0:0:0:1 - - [20/Dec/2014:17:40:07 -0200] "GET /ipocket/system/components/error-handler.js HTTP/1.1" 200 4204
0:0:0:0:0:0:0:1 - - [20/Dec/2014:17:40:07 -0200] "GET /ipocket/system/components/auth-handler.js HTTP/1.1" 200 3611
0:0:0:0:0:0:0:1 - - [20/Dec/2014:17:40:07 -0200] "GET /ipocket/system/filters/index.js HTTP/1.1" 200 75
0:0:0:0:0:0:0:1 - - [20/Dec/2014:17:40:07 -0200] "GET /ipocket/system/directives/mg-message-box.js HTTP/1.1" 200 314
0:0:0:0:0:0:0:1 - - [20/Dec/2014:17:40:07 -0200] "GET /ipocket/system/directives/mg-form.js HTTP/1.1" 200 1740
0:0:0:0:0:0:0:1 - - [20/Dec/2014:17:40:07 -0200] "GET /ipocket/system/directives/mg-content-header.js HTTP/1.1" 200 402
0:0:0:0:0:0:0:1 - - [20/Dec/2014:17:40:07 -0200] "GET /ipocket/system/directives/mg-validation-alert.js HTTP/1.1" 200 1321
0:0:0:0:0:0:0:1 - - [20/Dec/2014:17:40:07 -0200] "GET /ipocket/system/directives/mg-grid.js HTTP/1.1" 200 6081
0:0:0:0:0:0:0:1 - - [20/Dec/2014:17:40:07 -0200] "GET /ipocket/system/directives/mg-active-language.js HTTP/1.1" 200 713
0:0:0:0:0:0:0:1 - - [20/Dec/2014:17:40:07 -0200] "GET /ipocket/system/directives/ng-mask.js HTTP/1.1" 200 4562
0:0:0:0:0:0:0:1 - - [20/Dec/2014:17:40:07 -0200] "GET /ipocket/system/filters/mg-external-url.js HTTP/1.1" 200 538
0:0:0:0:0:0:0:1 - - [20/Dec/2014:17:40:07 -0200] "GET /ipocket/system/filters/mg-characters-truncate.js HTTP/1.1" 200 1002
0:0:0:0:0:0:0:1 - - [20/Dec/2014:17:40:07 -0200] "GET /ipocket/system/directives/module.js HTTP/1.1" 200 83
0:0:0:0:0:0:0:1 - - [20/Dec/2014:17:40:07 -0200] "GET /ipocket/resources/legacy/jquery-validation/dist/jquery.validate.min.js HTTP/1.1" 200 20886
0:0:0:0:0:0:0:1 - - [20/Dec/2014:17:40:08 -0200] "GET /ipocket/system/filters/module.js HTTP/1.1" 200 80
0:0:0:0:0:0:0:1 - - [20/Dec/2014:17:40:08 -0200] "GET /ipocket/resources/legacy/jquery-validation/dist/additional-methods.min.js HTTP/1.1" 200 10731
0:0:0:0:0:0:0:1 - - [20/Dec/2014:17:40:08 -0200] "GET /ipocket/resources/images/logo2x.png HTTP/1.1" 200 9199
0:0:0:0:0:0:0:1 - - [20/Dec/2014:17:40:08 -0200] "GET /ipocket/%7B%7BcurrentUser.imageUrl%7D%7D HTTP/1.1" 404 83
0:0:0:0:0:0:0:1 - - [20/Dec/2014:17:40:08 -0200] "GET /ipocket/resources/lib/requirejs-domready/domReady.js HTTP/1.1" 200 4035
0:0:0:0:0:0:0:1 - - [20/Dec/2014:17:40:08 -0200] "GET /ipocket/modules/routes.json HTTP/1.1" 200 975
0:0:0:0:0:0:0:1 - - [20/Dec/2014:17:40:08 -0200] "GET /ipocket/i18n/br.json HTTP/1.1" 200 1059
0:0:0:0:0:0:0:1 - - [20/Dec/2014:17:40:08 -0200] "GET /ipocket/public/user/current HTTP/1.1" 200 83
0:0:0:0:0:0:0:1 - - [20/Dec/2014:17:40:08 -0200] "GET /ipocket/system/views/home.html HTTP/1.1" 200 423
0:0:0:0:0:0:0:1 - - [20/Dec/2014:17:40:08 -0200] "GET /ipocket/system/controllers/home-controller.js HTTP/1.1" 200 269
0:0:0:0:0:0:0:1 - - [20/Dec/2014:17:40:09 -0200] "GET /ipocket/system/views/login.html HTTP/1.1" 200 2595
0:0:0:0:0:0:0:1 - - [20/Dec/2014:17:40:09 -0200] "GET /ipocket/resources/styles/login.css HTTP/1.1" 200 811
0:0:0:0:0:0:0:1 - - [20/Dec/2014:17:40:09 -0200] "GET /ipocket/resources/lib/hint.css/hint.min.css HTTP/1.1" 200 4890
0:0:0:0:0:0:0:1 - - [20/Dec/2014:17:40:09 -0200] "GET /ipocket/system/directives/template/mg-message-box.html HTTP/1.1" 200 226
0:0:0:0:0:0:0:1 - - [20/Dec/2014:17:40:14 -0200] "POST /ipocket/public/user/authenticate HTTP/1.1" 200 117
0:0:0:0:0:0:0:1 - - [20/Dec/2014:17:40:14 -0200] "GET /ipocket/%7B%7BcurrentUser.imageUrl%7D%7D HTTP/1.1" 404 83
0:0:0:0:0:0:0:1 - - [20/Dec/2014:17:40:14 -0200] "GET /ipocket/public/user/current HTTP/1.1" 200 117
0:0:0:0:0:0:0:1 - - [20/Dec/2014:17:40:14 -0200] "GET /ipocket/resources/images/avatar.jpg HTTP/1.1" 200 3136
0:0:0:0:0:0:0:1 - - [20/Dec/2014:17:40:14 -0200] "GET /ipocket/resources/fonts/custom-set.woff HTTP/1.1" 200 6056
0:0:0:0:0:0:0:1 - - [20/Dec/2014:17:40:16 -0200] "GET /ipocket/modules/account/views/accounts.html HTTP/1.1" 200 2165
0:0:0:0:0:0:0:1 - - [20/Dec/2014:17:40:16 -0200] "GET /ipocket/modules/account/controllers/account-controller.js HTTP/1.1" 200 3691
0:0:0:0:0:0:0:1 - - [20/Dec/2014:17:40:16 -0200] "GET /ipocket/resources/lib/ng-currency/dist/ng-currency.min.js HTTP/1.1" 200 1848
0:0:0:0:0:0:0:1 - - [20/Dec/2014:17:40:16 -0200] "GET /ipocket/resources/legacy/datatables-colreorder/dataTables.colReorder.js HTTP/1.1" 200 35090
0:0:0:0:0:0:0:1 - - [20/Dec/2014:17:40:16 -0200] "GET /ipocket/resources/legacy/datatables-tabletools/dataTables.tableTools.js HTTP/1.1" 200 82097
0:0:0:0:0:0:0:1 - - [20/Dec/2014:17:40:16 -0200] "GET /ipocket/resources/lib/datatables/media/js/jquery.dataTables.js HTTP/1.1" 200 422284
0:0:0:0:0:0:0:1 - - [20/Dec/2014:17:40:16 -0200] "GET /ipocket/resources/lib/datatables-colvis/js/dataTables.colVis.js HTTP/1.1" 200 26188
0:0:0:0:0:0:0:1 - - [20/Dec/2014:17:40:16 -0200] "GET /ipocket/resources/legacy/datatables-responsive/js/datatables.responsive.js HTTP/1.1" 200 15098
0:0:0:0:0:0:0:1 - - [20/Dec/2014:17:40:16 -0200] "GET /ipocket/modules/account/controllers/account-resources.js HTTP/1.1" 200 375
0:0:0:0:0:0:0:1 - - [20/Dec/2014:17:40:16 -0200] "GET /ipocket/modules/account/controllers/module.js HTTP/1.1" 200 51
0:0:0:0:0:0:0:1 - - [20/Dec/2014:17:40:16 -0200] "GET /ipocket/resources/legacy/datatables-responsive/js/lodash.min.js HTTP/1.1" 200 23086
0:0:0:0:0:0:0:1 - - [20/Dec/2014:17:40:16 -0200] "GET /ipocket/resources/lib/datatables-fixedcolumns/js/dataTables.fixedColumns.js HTTP/1.1" 200 39556
0:0:0:0:0:0:0:1 - - [20/Dec/2014:17:40:16 -0200] "GET /ipocket/system/layout-form.js HTTP/1.1" 200 3764
0:0:0:0:0:0:0:1 - - [20/Dec/2014:17:40:16 -0200] "GET /ipocket/api/account HTTP/1.1" 200 1540
0:0:0:0:0:0:0:1 - - [20/Dec/2014:17:40:16 -0200] "GET /ipocket/resources/img/sidebar-menu-arrow.png HTTP/1.1" 200 178
0:0:0:0:0:0:0:1 - - [20/Dec/2014:17:40:21 -0200] "GET /ipocket/modules/account/views/modal-new-account.html HTTP/1.1" 200 2986
0:0:0:0:0:0:0:1 - - [20/Dec/2014:17:40:21 -0200] "GET /ipocket/resources/lib/select2/select2.png HTTP/1.1" 200 613
0:0:0:0:0:0:0:1 - - [20/Dec/2014:17:40:48 -0200] "POST /ipocket/api/account HTTP/1.1" 200 145
0:0:0:0:0:0:0:1 - - [20/Dec/2014:17:41:32 -0200] "GET /ipocket/resources/lib/angular-resource/angular-resource.min.js.map HTTP/1.1" 200 9339
0:0:0:0:0:0:0:1 - - [20/Dec/2014:17:41:33 -0200] "GET /ipocket/resources/lib/angular-cookies/angular-cookies.min.js.map HTTP/1.1" 200 2253
0:0:0:0:0:0:0:1 - - [20/Dec/2014:17:44:49 -0200] "GET /ipocket/ HTTP/1.1" 200 9290
0:0:0:0:0:0:0:1 - - [20/Dec/2014:17:44:50 -0200] "GET /ipocket/resources/styles/animate.min.css HTTP/1.1" 200 48008
0:0:0:0:0:0:0:1 - - [20/Dec/2014:17:44:50 -0200] "GET /ipocket/resources/lib/select2/select2.css HTTP/1.1" 200 17679
0:0:0:0:0:0:0:1 - - [20/Dec/2014:17:44:50 -0200] "GET /ipocket/resources/lib/bootstrap/dist/css/bootstrap.min.css HTTP/1.1" 200 99961
0:0:0:0:0:0:0:1 - - [20/Dec/2014:17:44:50 -0200] "GET /ipocket/resources/styles/index.css HTTP/1.1" 200 29758
0:0:0:0:0:0:0:1 - - [20/Dec/2014:17:44:50 -0200] "GET /ipocket/resources/legacy/pace/pace-theme-flash.css HTTP/1.1" 200 2196
0:0:0:0:0:0:0:1 - - [20/Dec/2014:17:44:50 -0200] "GET /ipocket/resources/legacy/font-awesome/css/font-awesome.css HTTP/1.1" 200 21658
0:0:0:0:0:0:0:1 - - [20/Dec/2014:17:44:50 -0200] "GET /ipocket/resources/styles/forms.css HTTP/1.1" 200 62245
0:0:0:0:0:0:0:1 - - [20/Dec/2014:17:44:50 -0200] "GET /ipocket/resources/styles/famfamfam-flags.css HTTP/1.1" 200 22162
0:0:0:0:0:0:0:1 - - [20/Dec/2014:17:44:50 -0200] "GET /ipocket/resources/styles/responsive.css HTTP/1.1" 200 15288
0:0:0:0:0:0:0:1 - - [20/Dec/2014:17:44:50 -0200] "GET /ipocket/resources/styles/style.css HTTP/1.1" 200 17324
0:0:0:0:0:0:0:1 - - [20/Dec/2014:17:44:50 -0200] "GET /ipocket/resources/styles/custom-icon-set.css HTTP/1.1" 200 2721
0:0:0:0:0:0:0:1 - - [20/Dec/2014:17:44:50 -0200] "GET /ipocket/resources/styles/slider.css HTTP/1.1" 200 32557
0:0:0:0:0:0:0:1 - - [20/Dec/2014:17:44:50 -0200] "GET /ipocket/resources/lib/requirejs/require.js HTTP/1.1" 200 82718
0:0:0:0:0:0:0:1 - - [20/Dec/2014:17:44:50 -0200] "GET /ipocket/resources/img/icon/top-tray.png HTTP/1.1" 200 5115
0:0:0:0:0:0:0:1 - - [20/Dec/2014:17:44:50 -0200] "GET /ipocket/resources/legacy/font-awesome/fonts/fontawesome-webfont.woff?v=4.0.3 HTTP/1.1" 200 44432
0:0:0:0:0:0:0:1 - - [20/Dec/2014:17:44:50 -0200] "GET /ipocket/resources/lib/bootstrap/dist/fonts/glyphicons-halflings-regular.woff HTTP/1.1" 200 23320
0:0:0:0:0:0:0:1 - - [20/Dec/2014:17:44:50 -0200] "GET /ipocket/resources/img/pullup.png HTTP/1.1" 200 3215
0:0:0:0:0:0:0:1 - - [20/Dec/2014:17:44:50 -0200] "GET /ipocket/system/main.js HTTP/1.1" 200 5752
0:0:0:0:0:0:0:1 - - [20/Dec/2014:17:44:50 -0200] "GET /ipocket/resources/lib/jquery/jquery.min.js HTTP/1.1" 200 83606
0:0:0:0:0:0:0:1 - - [20/Dec/2014:17:44:50 -0200] "GET /ipocket/resources/lib/angular/angular.js HTTP/1.1" 200 948508
0:0:0:0:0:0:0:1 - - [20/Dec/2014:17:44:50 -0200] "GET /ipocket/resources/lib/bootstrap/dist/js/bootstrap.min.js HTTP/1.1" 200 29110
0:0:0:0:0:0:0:1 - - [20/Dec/2014:17:44:50 -0200] "GET /ipocket/resources/legacy/jquery-ui/jquery-ui-1.10.1.custom.min.js HTTP/1.1" 200 228147
0:0:0:0:0:0:0:1 - - [20/Dec/2014:17:44:50 -0200] "GET /ipocket/resources/legacy/breakpoints.js HTTP/1.1" 200 2666
0:0:0:0:0:0:0:1 - - [20/Dec/2014:17:44:50 -0200] "GET /ipocket/resources/legacy/pace/pace.min.js HTTP/1.1" 200 10391
0:0:0:0:0:0:0:1 - - [20/Dec/2014:17:44:50 -0200] "GET /ipocket/resources/legacy/jquery-unveil/jquery.unveil.min.js HTTP/1.1" 200 945
0:0:0:0:0:0:0:1 - - [20/Dec/2014:17:44:50 -0200] "GET /ipocket/resources/legacy/jquery-slimscroll/jquery.slimscroll.min.js HTTP/1.1" 200 3814
0:0:0:0:0:0:0:1 - - [20/Dec/2014:17:44:50 -0200] "GET /ipocket/resources/legacy/jquery-block-ui/jqueryblockui.js HTTP/1.1" 200 9529
0:0:0:0:0:0:0:1 - - [20/Dec/2014:17:44:50 -0200] "GET /ipocket/resources/legacy/jquery-slider/jquery.sidr.min.js HTTP/1.1" 200 2909
0:0:0:0:0:0:0:1 - - [20/Dec/2014:17:44:50 -0200] "GET /ipocket/resources/lib/bootstrap-datepicker/js/bootstrap-datepicker.js HTTP/1.1" 200 46821
0:0:0:0:0:0:0:1 - - [20/Dec/2014:17:44:50 -0200] "GET /ipocket/resources/legacy/bootstrap-select2/select2.js HTTP/1.1" 200 134098
0:0:0:0:0:0:0:1 - - [20/Dec/2014:17:44:50 -0200] "GET /ipocket/resources/lib/bootstrap-datepicker/js/locales/bootstrap-datepicker.pt-BR.js HTTP/1.1" 200 662
0:0:0:0:0:0:0:1 - - [20/Dec/2014:17:44:50 -0200] "GET /ipocket/resources/lib/angular-ui-select2/src/select2.js HTTP/1.1" 200 7185
0:0:0:0:0:0:0:1 - - [20/Dec/2014:17:44:50 -0200] "GET /ipocket/resources/lib/angular-route/angular-route.js HTTP/1.1" 200 35944
0:0:0:0:0:0:0:1 - - [20/Dec/2014:17:44:50 -0200] "GET /ipocket/resources/lib/angular-dragdrop/src/angular-dragdrop.min.js HTTP/1.1" 200 6704
0:0:0:0:0:0:0:1 - - [20/Dec/2014:17:44:50 -0200] "GET /ipocket/resources/lib/angular-bootstrap/ui-bootstrap-tpls.min.js HTTP/1.1" 200 65175
0:0:0:0:0:0:0:1 - - [20/Dec/2014:17:44:50 -0200] "GET /ipocket/resources/lib/angular-resource/angular-resource.min.js HTTP/1.1" 200 3581
0:0:0:0:0:0:0:1 - - [20/Dec/2014:17:44:50 -0200] "GET /ipocket/resources/lib/angular-translate/angular-translate.js HTTP/1.1" 200 31860
0:0:0:0:0:0:0:1 - - [20/Dec/2014:17:44:50 -0200] "GET /ipocket/system/layout-core.js HTTP/1.1" 200 9420
0:0:0:0:0:0:0:1 - - [20/Dec/2014:17:44:50 -0200] "GET /ipocket/resources/lib/angular-cookies/angular-cookies.min.js HTTP/1.1" 200 825
0:0:0:0:0:0:0:1 - - [20/Dec/2014:17:44:50 -0200] "GET /ipocket/resources/lib/angular-translate-loader-static-files/angular-translate-loader-static-files.js HTTP/1.1" 200 743
0:0:0:0:0:0:0:1 - - [20/Dec/2014:17:44:50 -0200] "GET /ipocket/resources/lib/angular-translate-storage-cookie/angular-translate-storage-cookie.js HTTP/1.1" 200 384
0:0:0:0:0:0:0:1 - - [20/Dec/2014:17:44:51 -0200] "GET /ipocket/resources/lib/angular-resource/angular-resource.min.js.map HTTP/1.1" 304 -
0:0:0:0:0:0:0:1 - - [20/Dec/2014:17:44:51 -0200] "GET /ipocket/resources/lib/angular-dynamic-locale/src/tmhDinamicLocale.js HTTP/1.1" 200 4363
0:0:0:0:0:0:0:1 - - [20/Dec/2014:17:44:51 -0200] "GET /ipocket/resources/lib/angular-cookies/angular-cookies.min.js.map HTTP/1.1" 304 -
0:0:0:0:0:0:0:1 - - [20/Dec/2014:17:44:51 -0200] "GET /ipocket/system/app.js HTTP/1.1" 200 4123
0:0:0:0:0:0:0:1 - - [20/Dec/2014:17:44:51 -0200] "GET /ipocket/system/routes.js HTTP/1.1" 200 1576
0:0:0:0:0:0:0:1 - - [20/Dec/2014:17:44:51 -0200] "GET /ipocket/system/components/dependency-resolver.js HTTP/1.1" 200 1165
0:0:0:0:0:0:0:1 - - [20/Dec/2014:17:44:51 -0200] "GET /ipocket/system/components/error-handler.js HTTP/1.1" 200 4204
0:0:0:0:0:0:0:1 - - [20/Dec/2014:17:44:51 -0200] "GET /ipocket/system/components/menu-handler.js HTTP/1.1" 200 5724
0:0:0:0:0:0:0:1 - - [20/Dec/2014:17:44:51 -0200] "GET /ipocket/system/components/auth-handler.js HTTP/1.1" 200 3611
0:0:0:0:0:0:0:1 - - [20/Dec/2014:17:44:51 -0200] "GET /ipocket/system/directives/index.js HTTP/1.1" 200 181
0:0:0:0:0:0:0:1 - - [20/Dec/2014:17:44:51 -0200] "GET /ipocket/system/filters/index.js HTTP/1.1" 200 75
0:0:0:0:0:0:0:1 - - [20/Dec/2014:17:44:51 -0200] "GET /ipocket/system/directives/mg-content-header.js HTTP/1.1" 200 402
0:0:0:0:0:0:0:1 - - [20/Dec/2014:17:44:51 -0200] "GET /ipocket/system/directives/mg-form.js HTTP/1.1" 200 1740
0:0:0:0:0:0:0:1 - - [20/Dec/2014:17:44:51 -0200] "GET /ipocket/system/directives/mg-grid.js HTTP/1.1" 200 6081
0:0:0:0:0:0:0:1 - - [20/Dec/2014:17:44:51 -0200] "GET /ipocket/system/directives/mg-message-box.js HTTP/1.1" 200 314
0:0:0:0:0:0:0:1 - - [20/Dec/2014:17:44:51 -0200] "GET /ipocket/system/directives/mg-active-language.js HTTP/1.1" 200 713
0:0:0:0:0:0:0:1 - - [20/Dec/2014:17:44:51 -0200] "GET /ipocket/system/directives/mg-validation-alert.js HTTP/1.1" 200 1186
0:0:0:0:0:0:0:1 - - [20/Dec/2014:17:44:51 -0200] "GET /ipocket/system/directives/ng-mask.js HTTP/1.1" 200 4562
0:0:0:0:0:0:0:1 - - [20/Dec/2014:17:44:51 -0200] "GET /ipocket/system/filters/mg-external-url.js HTTP/1.1" 200 538
0:0:0:0:0:0:0:1 - - [20/Dec/2014:17:44:51 -0200] "GET /ipocket/system/filters/mg-characters-truncate.js HTTP/1.1" 200 1002
0:0:0:0:0:0:0:1 - - [20/Dec/2014:17:44:51 -0200] "GET /ipocket/system/directives/module.js HTTP/1.1" 200 83
0:0:0:0:0:0:0:1 - - [20/Dec/2014:17:44:51 -0200] "GET /ipocket/resources/legacy/jquery-validation/dist/jquery.validate.min.js HTTP/1.1" 200 20886
0:0:0:0:0:0:0:1 - - [20/Dec/2014:17:44:51 -0200] "GET /ipocket/system/filters/module.js HTTP/1.1" 200 80
0:0:0:0:0:0:0:1 - - [20/Dec/2014:17:44:51 -0200] "GET /ipocket/resources/legacy/jquery-validation/dist/additional-methods.min.js HTTP/1.1" 200 10731
0:0:0:0:0:0:0:1 - - [20/Dec/2014:17:44:51 -0200] "GET /ipocket/resources/images/logo2x.png HTTP/1.1" 200 9199
0:0:0:0:0:0:0:1 - - [20/Dec/2014:17:44:51 -0200] "GET /ipocket/%7B%7BcurrentUser.imageUrl%7D%7D HTTP/1.1" 404 83
0:0:0:0:0:0:0:1 - - [20/Dec/2014:17:44:51 -0200] "GET /ipocket/public/user/current HTTP/1.1" 200 117
0:0:0:0:0:0:0:1 - - [20/Dec/2014:17:44:51 -0200] "GET /ipocket/modules/account/controllers/account-controller.js HTTP/1.1" 304 -
0:0:0:0:0:0:0:1 - - [20/Dec/2014:17:44:51 -0200] "GET /ipocket/resources/fonts/custom-set.woff HTTP/1.1" 200 6056
0:0:0:0:0:0:0:1 - - [20/Dec/2014:17:44:51 -0200] "GET /ipocket/api/account HTTP/1.1" 200 1648
0:0:0:0:0:0:0:1 - - [20/Dec/2014:17:44:57 -0200] "GET /ipocket/modules/account/views/modal-new-account.html HTTP/1.1" 200 2998
0:0:0:0:0:0:0:1 - - [20/Dec/2014:17:45:21 -0200] "POST /ipocket/api/account HTTP/1.1" 400 804
0:0:0:0:0:0:0:1 - - [20/Dec/2014:19:22:18 -0200] "GET /ipocket/system/directives/mg-validation-alert.js HTTP/1.1" 304 -
0:0:0:0:0:0:0:1 - - [20/Dec/2014:19:22:18 -0200] "GET /ipocket/%7B%7BcurrentUser.imageUrl%7D%7D HTTP/1.1" 404 83
0:0:0:0:0:0:0:1 - - [20/Dec/2014:19:22:18 -0200] "GET /ipocket/public/user/current HTTP/1.1" 200 83
0:0:0:0:0:0:0:1 - - [20/Dec/2014:19:22:26 -0200] "POST /ipocket/public/user/authenticate HTTP/1.1" 200 117
0:0:0:0:0:0:0:1 - - [20/Dec/2014:19:22:27 -0200] "GET /ipocket/%7B%7BcurrentUser.imageUrl%7D%7D HTTP/1.1" 404 83
0:0:0:0:0:0:0:1 - - [20/Dec/2014:19:22:27 -0200] "GET /ipocket/public/user/current HTTP/1.1" 200 117
0:0:0:0:0:0:0:1 - - [20/Dec/2014:19:22:28 -0200] "GET /ipocket/modules/account/controllers/account-controller.js HTTP/1.1" 304 -
0:0:0:0:0:0:0:1 - - [20/Dec/2014:19:22:28 -0200] "GET /ipocket/api/account HTTP/1.1" 200 583
0:0:0:0:0:0:0:1 - - [20/Dec/2014:19:22:38 -0200] "GET /ipocket/api/account/category HTTP/1.1" 200 12
